<?xml version="1.0" encoding="UTF-8"?>
<testng-results skipped="0" failed="0" ignored="0" total="1" passed="1">
  <reporter-output>
  </reporter-output>
  <suite name="Default suite" duration-ms="1963" started-at="2021-10-25T03:43:19Z" finished-at="2021-10-25T03:43:21Z">
    <groups>
    </groups>
    <test name="Default test" duration-ms="1963" started-at="2021-10-25T03:43:19Z" finished-at="2021-10-25T03:43:21Z">
      <class name="com.epam.RestApi.BasicTest.BasicTestOfStatusCode">
        <test-method status="PASS" signature="ValidateStatusCode()[pri:0, instance:com.epam.RestApi.BasicTest.BasicTestOfStatusCode@77167fb7]" name="ValidateStatusCode" duration-ms="1937" started-at="2021-10-25T03:43:19Z" finished-at="2021-10-25T03:43:21Z">
          <reporter-output>
          </reporter-output>
        </test-method> <!-- ValidateStatusCode -->
      </class> <!-- com.epam.RestApi.BasicTest.BasicTestOfStatusCode -->
    </test> <!-- Default test -->
  </suite> <!-- Default suite -->
</testng-results>
